#
# A fatal error has been detected by the Java Runtime Environment:
#
#  Internal Error (javaClasses.cpp:136), pid=5516, tid=139832086042368
#  fatal error: Invalid layout of preloaded class
#
# JRE version:  (7.0_51-b13) (build )
# Java VM: Java HotSpot(TM) 64-Bit Server VM (24.51-b03 mixed mode linux-amd64 compressed oops)
# Failed to write core dump. Core dumps have been disabled. To enable core dumping, try "ulimit -c unlimited" before starting Java again
#
# If you would like to submit a bug report, please visit:
#   http://bugreport.sun.com/bugreport/crash.jsp
#

---------------  T H R E A D  ---------------

Current thread (0x00007f2d2800c000):  JavaThread "Unknown thread" [_thread_in_vm, id=5521, stack(0x00007f2d31c11000,0x00007f2d31d12000)]

Stack: [0x00007f2d31c11000,0x00007f2d31d12000],  sp=0x00007f2d31d10780,  free space=1021k
Native frames: (J=compiled Java code, j=interpreted, Vv=VM code, C=native code)
V  [libjvm.so+0x992f4a]  VMError::report_and_die()+0x2ea
V  [libjvm.so+0x493569]  report_fatal(char const*, int, char const*)+0x59
V  [libjvm.so+0x5fdce0]  compute_offset(int&, klassOopDesc*, Symbol*, Symbol*, bool)+0x140
V  [libjvm.so+0x5fe7f9]  java_lang_String::compute_offsets()+0x39
V  [libjvm.so+0x9191c5]  SystemDictionary::initialize_preloaded_classes(Thread*)+0x1a5
V  [libjvm.so+0x967f04]  Universe::genesis(Thread*)+0x494
V  [libjvm.so+0x9683b9]  universe2_init()+0x29
V  [libjvm.so+0x5a967d]  init_globals()+0xbd
V  [libjvm.so+0x94ef8d]  Threads::create_vm(JavaVMInitArgs*, bool*)+0x1ed
V  [libjvm.so+0x6307e4]  JNI_CreateJavaVM+0x74
C  [libjli.so+0x2f8e]  JavaMain+0x9e


---------------  P R O C E S S  ---------------

Java Threads: ( => current thread )

Other Threads:

=>0x00007f2d2800c000 (exited) JavaThread "Unknown thread" [_thread_in_vm, id=5521, stack(0x00007f2d31c11000,0x00007f2d31d12000)]

VM state:not at safepoint (not fully initialized)

VM Mutex/Monitor currently owned by a thread: None

GC Heap History (0 events):
No events

Deoptimization events (0 events):
No events

Internal exceptions (0 events):
No events

Events (10 events):
Event: 0,078 loading class 0x00007f2d2de006f0 done
Event: 0,078 loading class 0x00007f2d2de00110 done
Event: 0,078 loading class 0x00007f2d2de000f0
Event: 0,078 loading class 0x00007f2d2de081c0
Event: 0,078 loading class 0x00007f2d2de081c0 done
Event: 0,078 loading class 0x00007f2d2de081f0
Event: 0,078 loading class 0x00007f2d2de081f0 done
Event: 0,078 loading class 0x00007f2d2de08220
Event: 0,078 loading class 0x00007f2d2de08220 done
Event: 0,078 loading class 0x00007f2d2de000f0 done


Dynamic libraries:
00400000-00401000 r-xp 00000000 08:01 779554                             /usr/lib/jvm/java-7-oracle/bin/java
00600000-00601000 rw-p 00000000 08:01 779554                             /usr/lib/jvm/java-7-oracle/bin/java
01af2000-01b13000 rw-p 00000000 00:00 0                                  [heap]
be800000-bfd00000 rw-p 00000000 00:00 0 
bfd00000-c3a00000 rw-p 00000000 00:00 0 
c3a00000-c6200000 rw-p 00000000 00:00 0 
c6200000-ebe00000 rw-p 00000000 00:00 0 
ebe00000-ed280000 rw-p 00000000 00:00 0 
ed280000-100000000 rw-p 00000000 00:00 0 
7f2d10000000-7f2d10021000 rw-p 00000000 00:00 0 
7f2d10021000-7f2d14000000 ---p 00000000 00:00 0 
7f2d14000000-7f2d14021000 rw-p 00000000 00:00 0 
7f2d14021000-7f2d18000000 ---p 00000000 00:00 0 
7f2d18000000-7f2d18021000 rw-p 00000000 00:00 0 
7f2d18021000-7f2d1c000000 ---p 00000000 00:00 0 
7f2d1df40000-7f2d20000000 rw-p 00000000 00:00 0 
7f2d20000000-7f2d20021000 rw-p 00000000 00:00 0 
7f2d20021000-7f2d24000000 ---p 00000000 00:00 0 
7f2d25000000-7f2d25270000 rwxp 00000000 00:00 0 
7f2d25270000-7f2d28057000 rw-p 00000000 00:00 0 
7f2d28057000-7f2d2c000000 ---p 00000000 00:00 0 
7f2d2da64000-7f2d2dccc000 rw-p 00000000 00:00 0 
7f2d2dccc000-7f2d2dd8a000 r--s 0103e000 08:02 1979370                    /home/programas/android-sdk-linux/platforms/android-14/android.jar
7f2d2dd8a000-7f2d2e08f000 rw-p 00000000 00:00 0 
7f2d2e08f000-7f2d2e090000 ---p 00000000 00:00 0 
7f2d2e090000-7f2d2e190000 rw-p 00000000 00:00 0                          [stack:5526]
7f2d2e190000-7f2d2e191000 ---p 00000000 00:00 0 
7f2d2e191000-7f2d2e291000 rw-p 00000000 00:00 0                          [stack:5525]
7f2d2e291000-7f2d2e292000 ---p 00000000 00:00 0 
7f2d2e292000-7f2d2e392000 rw-p 00000000 00:00 0                          [stack:5524]
7f2d2e392000-7f2d2e393000 ---p 00000000 00:00 0 
7f2d2e393000-7f2d2e49e000 rw-p 00000000 00:00 0                          [stack:5523]
7f2d2e49e000-7f2d2e4bc000 rw-p 00000000 00:00 0 
7f2d2e4bc000-7f2d2e4d0000 rw-p 00000000 00:00 0 
7f2d2e4d0000-7f2d2e5fe000 rw-p 00000000 00:00 0 
7f2d2e5fe000-7f2d2e609000 rw-p 00000000 00:00 0 
7f2d2e609000-7f2d2e627000 rw-p 00000000 00:00 0 
7f2d2e627000-7f2d2e63b000 rw-p 00000000 00:00 0 
7f2d2e63b000-7f2d2e769000 rw-p 00000000 00:00 0 
7f2d2e769000-7f2d2e774000 rw-p 00000000 00:00 0 
7f2d2e774000-7f2d2e80a000 rw-p 00000000 00:00 0 
7f2d2e80a000-7f2d2e80b000 rw-p 00000000 00:00 0 
7f2d2e80b000-7f2d2e825000 r-xp 00000000 08:01 1170032                    /usr/lib/jvm/java-7-oracle/jre/lib/amd64/libzip.so
7f2d2e825000-7f2d2ea25000 ---p 0001a000 08:01 1170032                    /usr/lib/jvm/java-7-oracle/jre/lib/amd64/libzip.so
7f2d2ea25000-7f2d2ea26000 rw-p 0001a000 08:01 1170032                    /usr/lib/jvm/java-7-oracle/jre/lib/amd64/libzip.so
7f2d2ea26000-7f2d2ea32000 r-xp 00000000 08:01 458935                     /lib/x86_64-linux-gnu/libnss_files-2.17.so
7f2d2ea32000-7f2d2ec31000 ---p 0000c000 08:01 458935                     /lib/x86_64-linux-gnu/libnss_files-2.17.so
7f2d2ec31000-7f2d2ec32000 r--p 0000b000 08:01 458935                     /lib/x86_64-linux-gnu/libnss_files-2.17.so
7f2d2ec32000-7f2d2ec33000 rw-p 0000c000 08:01 458935                     /lib/x86_64-linux-gnu/libnss_files-2.17.so
7f2d2ec33000-7f2d2ec3e000 r-xp 00000000 08:01 458939                     /lib/x86_64-linux-gnu/libnss_nis-2.17.so
7f2d2ec3e000-7f2d2ee3d000 ---p 0000b000 08:01 458939                     /lib/x86_64-linux-gnu/libnss_nis-2.17.so
7f2d2ee3d000-7f2d2ee3e000 r--p 0000a000 08:01 458939                     /lib/x86_64-linux-gnu/libnss_nis-2.17.so
7f2d2ee3e000-7f2d2ee3f000 rw-p 0000b000 08:01 458939                     /lib/x86_64-linux-gnu/libnss_nis-2.17.so
7f2d2ee3f000-7f2d2ee56000 r-xp 00000000 08:01 458929                     /lib/x86_64-linux-gnu/libnsl-2.17.so
7f2d2ee56000-7f2d2f055000 ---p 00017000 08:01 458929                     /lib/x86_64-linux-gnu/libnsl-2.17.so
7f2d2f055000-7f2d2f056000 r--p 00016000 08:01 458929                     /lib/x86_64-linux-gnu/libnsl-2.17.so
7f2d2f056000-7f2d2f057000 rw-p 00017000 08:01 458929                     /lib/x86_64-linux-gnu/libnsl-2.17.so
7f2d2f057000-7f2d2f059000 rw-p 00000000 00:00 0 
7f2d2f059000-7f2d2f061000 r-xp 00000000 08:01 458931                     /lib/x86_64-linux-gnu/libnss_compat-2.17.so
7f2d2f061000-7f2d2f260000 ---p 00008000 08:01 458931                     /lib/x86_64-linux-gnu/libnss_compat-2.17.so
7f2d2f260000-7f2d2f261000 r--p 00007000 08:01 458931                     /lib/x86_64-linux-gnu/libnss_compat-2.17.so
7f2d2f261000-7f2d2f262000 rw-p 00008000 08:01 458931                     /lib/x86_64-linux-gnu/libnss_compat-2.17.so
7f2d2f262000-7f2d2f52d000 r--p 00000000 08:01 1716961                    /usr/lib/locale/locale-archive
7f2d2f52d000-7f2d2f530000 r-xp 00000000 08:01 1170005                    /usr/lib/jvm/java-7-oracle/jre/lib/amd64/libnpt.so
7f2d2f530000-7f2d2f72f000 ---p 00003000 08:01 1170005                    /usr/lib/jvm/java-7-oracle/jre/lib/amd64/libnpt.so
7f2d2f72f000-7f2d2f730000 rw-p 00002000 08:01 1170005                    /usr/lib/jvm/java-7-oracle/jre/lib/amd64/libnpt.so
7f2d2f730000-7f2d2f769000 r-xp 00000000 08:01 1170017                    /usr/lib/jvm/java-7-oracle/jre/lib/amd64/libjdwp.so
7f2d2f769000-7f2d2f969000 ---p 00039000 08:01 1170017                    /usr/lib/jvm/java-7-oracle/jre/lib/amd64/libjdwp.so
7f2d2f969000-7f2d2f96a000 rw-p 00039000 08:01 1170017                    /usr/lib/jvm/java-7-oracle/jre/lib/amd64/libjdwp.so
7f2d2f96a000-7f2d2f96b000 rw-p 00000000 00:00 0 
7f2d2f96b000-7f2d2f994000 r-xp 00000000 08:01 1170026                    /usr/lib/jvm/java-7-oracle/jre/lib/amd64/libjava.so
7f2d2f994000-7f2d2fb94000 ---p 00029000 08:01 1170026                    /usr/lib/jvm/java-7-oracle/jre/lib/amd64/libjava.so
7f2d2fb94000-7f2d2fb96000 rw-p 00029000 08:01 1170026                    /usr/lib/jvm/java-7-oracle/jre/lib/amd64/libjava.so
7f2d2fb96000-7f2d2fba3000 r-xp 00000000 08:01 1170052                    /usr/lib/jvm/java-7-oracle/jre/lib/amd64/libverify.so
7f2d2fba3000-7f2d2fda2000 ---p 0000d000 08:01 1170052                    /usr/lib/jvm/java-7-oracle/jre/lib/amd64/libverify.so
7f2d2fda2000-7f2d2fda4000 rw-p 0000c000 08:01 1170052                    /usr/lib/jvm/java-7-oracle/jre/lib/amd64/libverify.so
7f2d2fda4000-7f2d2fdab000 r-xp 00000000 08:01 458982                     /lib/x86_64-linux-gnu/librt-2.17.so
7f2d2fdab000-7f2d2ffaa000 ---p 00007000 08:01 458982                     /lib/x86_64-linux-gnu/librt-2.17.so
7f2d2ffaa000-7f2d2ffab000 r--p 00006000 08:01 458982                     /lib/x86_64-linux-gnu/librt-2.17.so
7f2d2ffab000-7f2d2ffac000 rw-p 00007000 08:01 458982                     /lib/x86_64-linux-gnu/librt-2.17.so
7f2d2ffac000-7f2d300af000 r-xp 00000000 08:01 458910                     /lib/x86_64-linux-gnu/libm-2.17.so
7f2d300af000-7f2d302ae000 ---p 00103000 08:01 458910                     /lib/x86_64-linux-gnu/libm-2.17.so
7f2d302ae000-7f2d302af000 r--p 00102000 08:01 458910                     /lib/x86_64-linux-gnu/libm-2.17.so
7f2d302af000-7f2d302b0000 rw-p 00103000 08:01 458910                     /lib/x86_64-linux-gnu/libm-2.17.so
7f2d302b0000-7f2d30e12000 r-xp 00000000 08:01 1177347                    /usr/lib/jvm/java-7-oracle/jre/lib/amd64/server/libjvm.so
7f2d30e12000-7f2d31012000 ---p 00b62000 08:01 1177347                    /usr/lib/jvm/java-7-oracle/jre/lib/amd64/server/libjvm.so
7f2d31012000-7f2d310d5000 rw-p 00b62000 08:01 1177347                    /usr/lib/jvm/java-7-oracle/jre/lib/amd64/server/libjvm.so
7f2d310d5000-7f2d31116000 rw-p 00000000 00:00 0 
7f2d31116000-7f2d312d3000 r-xp 00000000 08:01 458859                     /lib/x86_64-linux-gnu/libc-2.17.so
7f2d312d3000-7f2d314d3000 ---p 001bd000 08:01 458859                     /lib/x86_64-linux-gnu/libc-2.17.so
7f2d314d3000-7f2d314d7000 r--p 001bd000 08:01 458859                     /lib/x86_64-linux-gnu/libc-2.17.so
7f2d314d7000-7f2d314d9000 rw-p 001c1000 08:01 458859                     /lib/x86_64-linux-gnu/libc-2.17.so
7f2d314d9000-7f2d314de000 rw-p 00000000 00:00 0 
7f2d314de000-7f2d314e1000 r-xp 00000000 08:01 458874                     /lib/x86_64-linux-gnu/libdl-2.17.so
7f2d314e1000-7f2d316e0000 ---p 00003000 08:01 458874                     /lib/x86_64-linux-gnu/libdl-2.17.so
7f2d316e0000-7f2d316e1000 r--p 00002000 08:01 458874                     /lib/x86_64-linux-gnu/libdl-2.17.so
7f2d316e1000-7f2d316e2000 rw-p 00003000 08:01 458874                     /lib/x86_64-linux-gnu/libdl-2.17.so
7f2d316e2000-7f2d316f8000 r-xp 00000000 08:01 1162410                    /usr/lib/jvm/java-7-oracle/lib/amd64/jli/libjli.so
7f2d316f8000-7f2d318f8000 ---p 00016000 08:01 1162410                    /usr/lib/jvm/java-7-oracle/lib/amd64/jli/libjli.so
7f2d318f8000-7f2d318f9000 rw-p 00016000 08:01 1162410                    /usr/lib/jvm/java-7-oracle/lib/amd64/jli/libjli.so
7f2d318f9000-7f2d31910000 r-xp 00000000 08:01 458974                     /lib/x86_64-linux-gnu/libpthread-2.17.so
7f2d31910000-7f2d31b10000 ---p 00017000 08:01 458974                     /lib/x86_64-linux-gnu/libpthread-2.17.so
7f2d31b10000-7f2d31b11000 r--p 00017000 08:01 458974                     /lib/x86_64-linux-gnu/libpthread-2.17.so
7f2d31b11000-7f2d31b12000 rw-p 00018000 08:01 458974                     /lib/x86_64-linux-gnu/libpthread-2.17.so
7f2d31b12000-7f2d31b16000 rw-p 00000000 00:00 0 
7f2d31b16000-7f2d31b39000 r-xp 00000000 08:01 458835                     /lib/x86_64-linux-gnu/ld-2.17.so
7f2d31b50000-7f2d31b5b000 rw-p 00000000 00:00 0 
7f2d31b5b000-7f2d31c11000 rw-p 00000000 00:00 0 
7f2d31c11000-7f2d31c14000 ---p 00000000 00:00 0 
7f2d31c14000-7f2d31d2c000 rw-p 00000000 00:00 0                          [stack:5521]
7f2d31d2c000-7f2d31d34000 rw-s 00000000 08:01 286191                     /tmp/hsperfdata_leilson/5516
7f2d31d34000-7f2d31d35000 rw-p 00000000 00:00 0 
7f2d31d35000-7f2d31d36000 r--p 00000000 00:00 0 
7f2d31d36000-7f2d31d38000 rw-p 00000000 00:00 0 
7f2d31d38000-7f2d31d39000 r--p 00022000 08:01 458835                     /lib/x86_64-linux-gnu/ld-2.17.so
7f2d31d39000-7f2d31d3b000 rw-p 00023000 08:01 458835                     /lib/x86_64-linux-gnu/ld-2.17.so
7fffa89fb000-7fffa8a1c000 rw-p 00000000 00:00 0                          [stack]
7fffa8be9000-7fffa8beb000 r-xp 00000000 00:00 0                          [vdso]
ffffffffff600000-ffffffffff601000 r-xp 00000000 00:00 0                  [vsyscall]

VM Arguments:
jvm_args: -agentlib:jdwp=transport=dt_socket,suspend=y,address=localhost:36442 -Dfile.encoding=UTF-8 -Xbootclasspath:/home/programas/android-sdk-linux/platforms/android-14/android.jar 
java_command: br.com.meindique.teste.testeLogin
Launcher Type: SUN_STANDARD

Environment Variables:
JAVA_HOME=/usr/lib/jvm/java-7-oracle
CLASSPATH=.:/usr/lib/jvm/java-7-oracle/lib/tools.jar
PATH=/usr/lib/jvm/java-7-oracle/jre/bin:/usr/lib/jvm/java-7-oracle/bin:/usr/local/sbin:/usr/local/bin:/usr/sbin:/usr/bin:/sbin:/bin:/usr/games:/usr/local/games:/java/maven/bin:/usr/lib/jvm/java-7-oracle/bin
USERNAME=leilson
SHELL=/bin/bash
DISPLAY=:0

Signal Handlers:
SIGSEGV: [libjvm.so+0x993870], sa_mask[0]=0x7ffbfeff, sa_flags=0x10000004
SIGBUS: [libjvm.so+0x993870], sa_mask[0]=0x7ffbfeff, sa_flags=0x10000004
SIGFPE: [libjvm.so+0x8105b0], sa_mask[0]=0x7ffbfeff, sa_flags=0x10000004
SIGPIPE: [libjvm.so+0x8105b0], sa_mask[0]=0x7ffbfeff, sa_flags=0x10000004
SIGXFSZ: [libjvm.so+0x8105b0], sa_mask[0]=0x7ffbfeff, sa_flags=0x10000004
SIGILL: [libjvm.so+0x8105b0], sa_mask[0]=0x7ffbfeff, sa_flags=0x10000004
SIGUSR1: SIG_DFL, sa_mask[0]=0x00000000, sa_flags=0x00000000
SIGUSR2: [libjvm.so+0x811aa0], sa_mask[0]=0x00000004, sa_flags=0x10000004
SIGHUP: SIG_DFL, sa_mask[0]=0x00000000, sa_flags=0x00000000
SIGINT: SIG_DFL, sa_mask[0]=0x00000000, sa_flags=0x00000000
SIGTERM: SIG_DFL, sa_mask[0]=0x00000000, sa_flags=0x00000000
SIGQUIT: SIG_DFL, sa_mask[0]=0x00000000, sa_flags=0x00000000


---------------  S Y S T E M  ---------------

OS:wheezy/sid

uname:Linux 3.11.0-12-generic #19-Ubuntu SMP Wed Oct 9 16:20:46 UTC 2013 x86_64
libc:glibc 2.17 NPTL 2.17 
rlimit: STACK 8192k, CORE 0k, NPROC 30643, NOFILE 4096, AS infinity
load average:0,23 0,47 0,44

/proc/meminfo:
MemTotal:        3951616 kB
MemFree:          151452 kB
Buffers:          535452 kB
Cached:           971784 kB
SwapCached:            0 kB
Active:          2357112 kB
Inactive:         969508 kB
Active(anon):    1645332 kB
Inactive(anon):   359424 kB
Active(file):     711780 kB
Inactive(file):   610084 kB
Unevictable:           0 kB
Mlocked:               0 kB
SwapTotal:       2047996 kB
SwapFree:        2047672 kB
Dirty:                72 kB
Writeback:             0 kB
AnonPages:       1819508 kB
Mapped:           217396 kB
Shmem:            185368 kB
Slab:             403536 kB
SReclaimable:     378636 kB
SUnreclaim:        24900 kB
KernelStack:        3672 kB
PageTables:        21532 kB
NFS_Unstable:          0 kB
Bounce:                0 kB
WritebackTmp:          0 kB
CommitLimit:     4023804 kB
Committed_AS:    4498944 kB
VmallocTotal:   34359738367 kB
VmallocUsed:      346804 kB
VmallocChunk:   34359388636 kB
HardwareCorrupted:     0 kB
AnonHugePages:         0 kB
HugePages_Total:       0
HugePages_Free:        0
HugePages_Rsvd:        0
HugePages_Surp:        0
Hugepagesize:       2048 kB
DirectMap4k:       57228 kB
DirectMap2M:     4040704 kB


CPU:total 4 (2 cores per cpu, 2 threads per core) family 6 model 42 stepping 7, cmov, cx8, fxsr, mmx, sse, sse2, sse3, ssse3, sse4.1, sse4.2, popcnt, avx, ht, tsc, tscinvbit

/proc/cpuinfo:
processor	: 0
vendor_id	: GenuineIntel
cpu family	: 6
model		: 42
model name	: Intel(R) Core(TM) i3-2310M CPU @ 2.10GHz
stepping	: 7
microcode	: 0x25
cpu MHz		: 2100.000
cache size	: 3072 KB
physical id	: 0
siblings	: 4
core id		: 0
cpu cores	: 2
apicid		: 0
initial apicid	: 0
fpu		: yes
fpu_exception	: yes
cpuid level	: 13
wp		: yes
flags		: fpu vme de pse tsc msr pae mce cx8 apic sep mtrr pge mca cmov pat pse36 clflush dts acpi mmx fxsr sse sse2 ss ht tm pbe syscall nx rdtscp lm constant_tsc arch_perfmon pebs bts rep_good nopl xtopology nonstop_tsc aperfmperf eagerfpu pni pclmulqdq dtes64 monitor ds_cpl vmx est tm2 ssse3 cx16 xtpr pdcm pcid sse4_1 sse4_2 x2apic popcnt tsc_deadline_timer xsave avx lahf_lm arat epb xsaveopt pln pts dtherm tpr_shadow vnmi flexpriority ept vpid
bogomips	: 4190.72
clflush size	: 64
cache_alignment	: 64
address sizes	: 36 bits physical, 48 bits virtual
power management:

processor	: 1
vendor_id	: GenuineIntel
cpu family	: 6
model		: 42
model name	: Intel(R) Core(TM) i3-2310M CPU @ 2.10GHz
stepping	: 7
microcode	: 0x25
cpu MHz		: 2100.000
cache size	: 3072 KB
physical id	: 0
siblings	: 4
core id		: 1
cpu cores	: 2
apicid		: 2
initial apicid	: 2
fpu		: yes
fpu_exception	: yes
cpuid level	: 13
wp		: yes
flags		: fpu vme de pse tsc msr pae mce cx8 apic sep mtrr pge mca cmov pat pse36 clflush dts acpi mmx fxsr sse sse2 ss ht tm pbe syscall nx rdtscp lm constant_tsc arch_perfmon pebs bts rep_good nopl xtopology nonstop_tsc aperfmperf eagerfpu pni pclmulqdq dtes64 monitor ds_cpl vmx est tm2 ssse3 cx16 xtpr pdcm pcid sse4_1 sse4_2 x2apic popcnt tsc_deadline_timer xsave avx lahf_lm arat epb xsaveopt pln pts dtherm tpr_shadow vnmi flexpriority ept vpid
bogomips	: 4190.72
clflush size	: 64
cache_alignment	: 64
address sizes	: 36 bits physical, 48 bits virtual
power management:

processor	: 2
vendor_id	: GenuineIntel
cpu family	: 6
model		: 42
model name	: Intel(R) Core(TM) i3-2310M CPU @ 2.10GHz
stepping	: 7
microcode	: 0x25
cpu MHz		: 800.000
cache size	: 3072 KB
physical id	: 0
siblings	: 4
core id		: 0
cpu cores	: 2
apicid		: 1
initial apicid	: 1
fpu		: yes
fpu_exception	: yes
cpuid level	: 13
wp		: yes
flags		: fpu vme de pse tsc msr pae mce cx8 apic sep mtrr pge mca cmov pat pse36 clflush dts acpi mmx fxsr sse sse2 ss ht tm pbe syscall nx rdtscp lm constant_tsc arch_perfmon pebs bts rep_good nopl xtopology nonstop_tsc aperfmperf eagerfpu pni pclmulqdq dtes64 monitor ds_cpl vmx est tm2 ssse3 cx16 xtpr pdcm pcid sse4_1 sse4_2 x2apic popcnt tsc_deadline_timer xsave avx lahf_lm arat epb xsaveopt pln pts dtherm tpr_shadow vnmi flexpriority ept vpid
bogomips	: 4190.72
clflush size	: 64
cache_alignment	: 64
address sizes	: 36 bits physical, 48 bits virtual
power management:

processor	: 3
vendor_id	: GenuineIntel
cpu family	: 6
model		: 42
model name	: Intel(R) Core(TM) i3-2310M CPU @ 2.10GHz
stepping	: 7
microcode	: 0x25
cpu MHz		: 800.000
cache size	: 3072 KB
physical id	: 0
siblings	: 4
core id		: 1
cpu cores	: 2
apicid		: 3
initial apicid	: 3
fpu		: yes
fpu_exception	: yes
cpuid level	: 13
wp		: yes
flags		: fpu vme de pse tsc msr pae mce cx8 apic sep mtrr pge mca cmov pat pse36 clflush dts acpi mmx fxsr sse sse2 ss ht tm pbe syscall nx rdtscp lm constant_tsc arch_perfmon pebs bts rep_good nopl xtopology nonstop_tsc aperfmperf eagerfpu pni pclmulqdq dtes64 monitor ds_cpl vmx est tm2 ssse3 cx16 xtpr pdcm pcid sse4_1 sse4_2 x2apic popcnt tsc_deadline_timer xsave avx lahf_lm arat epb xsaveopt pln pts dtherm tpr_shadow vnmi flexpriority ept vpid
bogomips	: 4190.72
clflush size	: 64
cache_alignment	: 64
address sizes	: 36 bits physical, 48 bits virtual
power management:



Memory: 4k page, physical 3951616k(151452k free), swap 2047996k(2047672k free)

vm_info: Java HotSpot(TM) 64-Bit Server VM (24.51-b03) for linux-amd64 JRE (1.7.0_51-b13), built on Dec 18 2013 18:48:01 by "java_re" with gcc 4.3.0 20080428 (Red Hat 4.3.0-8)

time: Mon Apr 21 12:14:53 2014
elapsed time: 0 seconds

