#
# A fatal error has been detected by the Java Runtime Environment:
#
#  Internal Error (javaClasses.cpp:136), pid=5500, tid=140406741337856
#  fatal error: Invalid layout of preloaded class
#
# JRE version:  (7.0_51-b13) (build )
# Java VM: Java HotSpot(TM) 64-Bit Server VM (24.51-b03 mixed mode linux-amd64 compressed oops)
# Failed to write core dump. Core dumps have been disabled. To enable core dumping, try "ulimit -c unlimited" before starting Java again
#
# If you would like to submit a bug report, please visit:
#   http://bugreport.sun.com/bugreport/crash.jsp
#

---------------  T H R E A D  ---------------

Current thread (0x00007fb2f800a000):  JavaThread "Unknown thread" [_thread_in_vm, id=5506, stack(0x00007fb2fde10000,0x00007fb2fdf11000)]

Stack: [0x00007fb2fde10000,0x00007fb2fdf11000],  sp=0x00007fb2fdf0f780,  free space=1021k
Native frames: (J=compiled Java code, j=interpreted, Vv=VM code, C=native code)
V  [libjvm.so+0x992f4a]  VMError::report_and_die()+0x2ea
V  [libjvm.so+0x493569]  report_fatal(char const*, int, char const*)+0x59
V  [libjvm.so+0x5fdce0]  compute_offset(int&, klassOopDesc*, Symbol*, Symbol*, bool)+0x140
V  [libjvm.so+0x5fe7f9]  java_lang_String::compute_offsets()+0x39
V  [libjvm.so+0x9191c5]  SystemDictionary::initialize_preloaded_classes(Thread*)+0x1a5
V  [libjvm.so+0x967f04]  Universe::genesis(Thread*)+0x494
V  [libjvm.so+0x9683b9]  universe2_init()+0x29
V  [libjvm.so+0x5a967d]  init_globals()+0xbd
V  [libjvm.so+0x94ef8d]  Threads::create_vm(JavaVMInitArgs*, bool*)+0x1ed
V  [libjvm.so+0x6307e4]  JNI_CreateJavaVM+0x74
C  [libjli.so+0x2f8e]  JavaMain+0x9e


---------------  P R O C E S S  ---------------

Java Threads: ( => current thread )

Other Threads:

=>0x00007fb2f800a000 (exited) JavaThread "Unknown thread" [_thread_in_vm, id=5506, stack(0x00007fb2fde10000,0x00007fb2fdf11000)]

VM state:not at safepoint (not fully initialized)

VM Mutex/Monitor currently owned by a thread: None

GC Heap History (0 events):
No events

Deoptimization events (0 events):
No events

Internal exceptions (0 events):
No events

Events (10 events):
Event: 0.173 loading class 0x00007fb2f16306f0 done
Event: 0.173 loading class 0x00007fb2f1630110 done
Event: 0.173 loading class 0x00007fb2f16300f0
Event: 0.173 loading class 0x00007fb2f16381c0
Event: 0.173 loading class 0x00007fb2f16381c0 done
Event: 0.173 loading class 0x00007fb2f16381f0
Event: 0.173 loading class 0x00007fb2f16381f0 done
Event: 0.173 loading class 0x00007fb2f1638220
Event: 0.173 loading class 0x00007fb2f1638220 done
Event: 0.173 loading class 0x00007fb2f16300f0 done


Dynamic libraries:
00400000-00401000 r-xp 00000000 08:01 779554                             /usr/lib/jvm/java-7-oracle/bin/java
00600000-00601000 rw-p 00000000 08:01 779554                             /usr/lib/jvm/java-7-oracle/bin/java
01e55000-01e76000 rw-p 00000000 00:00 0                                  [heap]
be800000-bfd00000 rw-p 00000000 00:00 0 
bfd00000-c3a00000 rw-p 00000000 00:00 0 
c3a00000-c6200000 rw-p 00000000 00:00 0 
c6200000-ebe00000 rw-p 00000000 00:00 0 
ebe00000-ed280000 rw-p 00000000 00:00 0 
ed280000-100000000 rw-p 00000000 00:00 0 
7fb2d4000000-7fb2d4021000 rw-p 00000000 00:00 0 
7fb2d4021000-7fb2d8000000 ---p 00000000 00:00 0 
7fb2dc000000-7fb2dc021000 rw-p 00000000 00:00 0 
7fb2dc021000-7fb2e0000000 ---p 00000000 00:00 0 
7fb2e4000000-7fb2e4021000 rw-p 00000000 00:00 0 
7fb2e4021000-7fb2e8000000 ---p 00000000 00:00 0 
7fb2ec000000-7fb2ec021000 rw-p 00000000 00:00 0 
7fb2ec021000-7fb2f0000000 ---p 00000000 00:00 0 
7fb2f1294000-7fb2f14fc000 rw-p 00000000 00:00 0 
7fb2f14fc000-7fb2f15ba000 r--s 0103e000 08:02 1979370                    /home/programas/android-sdk-linux/platforms/android-14/android.jar
7fb2f15ba000-7fb2f3957000 rw-p 00000000 00:00 0 
7fb2f3957000-7fb2f3958000 ---p 00000000 00:00 0 
7fb2f3958000-7fb2f3a58000 rw-p 00000000 00:00 0                          [stack:5510]
7fb2f3a58000-7fb2f3a59000 ---p 00000000 00:00 0 
7fb2f3a59000-7fb2f3b59000 rw-p 00000000 00:00 0                          [stack:5509]
7fb2f3b59000-7fb2f3b5a000 ---p 00000000 00:00 0 
7fb2f3b5a000-7fb2f3c5a000 rw-p 00000000 00:00 0                          [stack:5508]
7fb2f3c5a000-7fb2f3c5b000 ---p 00000000 00:00 0 
7fb2f3c5b000-7fb2f3d66000 rw-p 00000000 00:00 0                          [stack:5507]
7fb2f3d66000-7fb2f3d84000 rw-p 00000000 00:00 0 
7fb2f3d84000-7fb2f3d98000 rw-p 00000000 00:00 0 
7fb2f3d98000-7fb2f3ec6000 rw-p 00000000 00:00 0 
7fb2f3ec6000-7fb2f3ed1000 rw-p 00000000 00:00 0 
7fb2f3ed1000-7fb2f3f67000 rw-p 00000000 00:00 0 
7fb2f3f67000-7fb2f3f68000 rw-p 00000000 00:00 0 
7fb2f3f68000-7fb2f41d8000 rwxp 00000000 00:00 0 
7fb2f41d8000-7fb2f6f68000 rw-p 00000000 00:00 0 
7fb2f6f68000-7fb2f6f82000 r-xp 00000000 08:01 1170032                    /usr/lib/jvm/java-7-oracle/jre/lib/amd64/libzip.so
7fb2f6f82000-7fb2f7182000 ---p 0001a000 08:01 1170032                    /usr/lib/jvm/java-7-oracle/jre/lib/amd64/libzip.so
7fb2f7182000-7fb2f7183000 rw-p 0001a000 08:01 1170032                    /usr/lib/jvm/java-7-oracle/jre/lib/amd64/libzip.so
7fb2f7183000-7fb2f718f000 r-xp 00000000 08:01 458935                     /lib/x86_64-linux-gnu/libnss_files-2.17.so
7fb2f718f000-7fb2f738e000 ---p 0000c000 08:01 458935                     /lib/x86_64-linux-gnu/libnss_files-2.17.so
7fb2f738e000-7fb2f738f000 r--p 0000b000 08:01 458935                     /lib/x86_64-linux-gnu/libnss_files-2.17.so
7fb2f738f000-7fb2f7390000 rw-p 0000c000 08:01 458935                     /lib/x86_64-linux-gnu/libnss_files-2.17.so
7fb2f7390000-7fb2f739b000 r-xp 00000000 08:01 458939                     /lib/x86_64-linux-gnu/libnss_nis-2.17.so
7fb2f739b000-7fb2f759a000 ---p 0000b000 08:01 458939                     /lib/x86_64-linux-gnu/libnss_nis-2.17.so
7fb2f759a000-7fb2f759b000 r--p 0000a000 08:01 458939                     /lib/x86_64-linux-gnu/libnss_nis-2.17.so
7fb2f759b000-7fb2f759c000 rw-p 0000b000 08:01 458939                     /lib/x86_64-linux-gnu/libnss_nis-2.17.so
7fb2f759c000-7fb2f75b3000 r-xp 00000000 08:01 458929                     /lib/x86_64-linux-gnu/libnsl-2.17.so
7fb2f75b3000-7fb2f77b2000 ---p 00017000 08:01 458929                     /lib/x86_64-linux-gnu/libnsl-2.17.so
7fb2f77b2000-7fb2f77b3000 r--p 00016000 08:01 458929                     /lib/x86_64-linux-gnu/libnsl-2.17.so
7fb2f77b3000-7fb2f77b4000 rw-p 00017000 08:01 458929                     /lib/x86_64-linux-gnu/libnsl-2.17.so
7fb2f77b4000-7fb2f77b6000 rw-p 00000000 00:00 0 
7fb2f77b6000-7fb2f77be000 r-xp 00000000 08:01 458931                     /lib/x86_64-linux-gnu/libnss_compat-2.17.so
7fb2f77be000-7fb2f79bd000 ---p 00008000 08:01 458931                     /lib/x86_64-linux-gnu/libnss_compat-2.17.so
7fb2f79bd000-7fb2f79be000 r--p 00007000 08:01 458931                     /lib/x86_64-linux-gnu/libnss_compat-2.17.so
7fb2f79be000-7fb2f79bf000 rw-p 00008000 08:01 458931                     /lib/x86_64-linux-gnu/libnss_compat-2.17.so
7fb2f79bf000-7fb2f79e8000 r-xp 00000000 08:01 1170026                    /usr/lib/jvm/java-7-oracle/jre/lib/amd64/libjava.so
7fb2f79e8000-7fb2f7be8000 ---p 00029000 08:01 1170026                    /usr/lib/jvm/java-7-oracle/jre/lib/amd64/libjava.so
7fb2f7be8000-7fb2f7bea000 rw-p 00029000 08:01 1170026                    /usr/lib/jvm/java-7-oracle/jre/lib/amd64/libjava.so
7fb2f7bea000-7fb2f7bf7000 r-xp 00000000 08:01 1170052                    /usr/lib/jvm/java-7-oracle/jre/lib/amd64/libverify.so
7fb2f7bf7000-7fb2f7df6000 ---p 0000d000 08:01 1170052                    /usr/lib/jvm/java-7-oracle/jre/lib/amd64/libverify.so
7fb2f7df6000-7fb2f7df8000 rw-p 0000c000 08:01 1170052                    /usr/lib/jvm/java-7-oracle/jre/lib/amd64/libverify.so
7fb2f7df8000-7fb2f7dff000 r-xp 00000000 08:01 458982                     /lib/x86_64-linux-gnu/librt-2.17.so
7fb2f7dff000-7fb2f7ffe000 ---p 00007000 08:01 458982                     /lib/x86_64-linux-gnu/librt-2.17.so
7fb2f7ffe000-7fb2f7fff000 r--p 00006000 08:01 458982                     /lib/x86_64-linux-gnu/librt-2.17.so
7fb2f7fff000-7fb2f8000000 rw-p 00007000 08:01 458982                     /lib/x86_64-linux-gnu/librt-2.17.so
7fb2f8000000-7fb2f8054000 rw-p 00000000 00:00 0 
7fb2f8054000-7fb2fc000000 ---p 00000000 00:00 0 
7fb2fc018000-7fb2fc04b000 rw-p 00000000 00:00 0 
7fb2fc04b000-7fb2fc069000 rw-p 00000000 00:00 0 
7fb2fc069000-7fb2fc07d000 rw-p 00000000 00:00 0 
7fb2fc07d000-7fb2fc1ab000 rw-p 00000000 00:00 0 
7fb2fc1ab000-7fb2fc2ae000 r-xp 00000000 08:01 458910                     /lib/x86_64-linux-gnu/libm-2.17.so
7fb2fc2ae000-7fb2fc4ad000 ---p 00103000 08:01 458910                     /lib/x86_64-linux-gnu/libm-2.17.so
7fb2fc4ad000-7fb2fc4ae000 r--p 00102000 08:01 458910                     /lib/x86_64-linux-gnu/libm-2.17.so
7fb2fc4ae000-7fb2fc4af000 rw-p 00103000 08:01 458910                     /lib/x86_64-linux-gnu/libm-2.17.so
7fb2fc4af000-7fb2fd011000 r-xp 00000000 08:01 1177347                    /usr/lib/jvm/java-7-oracle/jre/lib/amd64/server/libjvm.so
7fb2fd011000-7fb2fd211000 ---p 00b62000 08:01 1177347                    /usr/lib/jvm/java-7-oracle/jre/lib/amd64/server/libjvm.so
7fb2fd211000-7fb2fd2d4000 rw-p 00b62000 08:01 1177347                    /usr/lib/jvm/java-7-oracle/jre/lib/amd64/server/libjvm.so
7fb2fd2d4000-7fb2fd315000 rw-p 00000000 00:00 0 
7fb2fd315000-7fb2fd4d2000 r-xp 00000000 08:01 458859                     /lib/x86_64-linux-gnu/libc-2.17.so
7fb2fd4d2000-7fb2fd6d2000 ---p 001bd000 08:01 458859                     /lib/x86_64-linux-gnu/libc-2.17.so
7fb2fd6d2000-7fb2fd6d6000 r--p 001bd000 08:01 458859                     /lib/x86_64-linux-gnu/libc-2.17.so
7fb2fd6d6000-7fb2fd6d8000 rw-p 001c1000 08:01 458859                     /lib/x86_64-linux-gnu/libc-2.17.so
7fb2fd6d8000-7fb2fd6dd000 rw-p 00000000 00:00 0 
7fb2fd6dd000-7fb2fd6e0000 r-xp 00000000 08:01 458874                     /lib/x86_64-linux-gnu/libdl-2.17.so
7fb2fd6e0000-7fb2fd8df000 ---p 00003000 08:01 458874                     /lib/x86_64-linux-gnu/libdl-2.17.so
7fb2fd8df000-7fb2fd8e0000 r--p 00002000 08:01 458874                     /lib/x86_64-linux-gnu/libdl-2.17.so
7fb2fd8e0000-7fb2fd8e1000 rw-p 00003000 08:01 458874                     /lib/x86_64-linux-gnu/libdl-2.17.so
7fb2fd8e1000-7fb2fd8f7000 r-xp 00000000 08:01 1162410                    /usr/lib/jvm/java-7-oracle/lib/amd64/jli/libjli.so
7fb2fd8f7000-7fb2fdaf7000 ---p 00016000 08:01 1162410                    /usr/lib/jvm/java-7-oracle/lib/amd64/jli/libjli.so
7fb2fdaf7000-7fb2fdaf8000 rw-p 00016000 08:01 1162410                    /usr/lib/jvm/java-7-oracle/lib/amd64/jli/libjli.so
7fb2fdaf8000-7fb2fdb0f000 r-xp 00000000 08:01 458974                     /lib/x86_64-linux-gnu/libpthread-2.17.so
7fb2fdb0f000-7fb2fdd0f000 ---p 00017000 08:01 458974                     /lib/x86_64-linux-gnu/libpthread-2.17.so
7fb2fdd0f000-7fb2fdd10000 r--p 00017000 08:01 458974                     /lib/x86_64-linux-gnu/libpthread-2.17.so
7fb2fdd10000-7fb2fdd11000 rw-p 00018000 08:01 458974                     /lib/x86_64-linux-gnu/libpthread-2.17.so
7fb2fdd11000-7fb2fdd15000 rw-p 00000000 00:00 0 
7fb2fdd15000-7fb2fdd38000 r-xp 00000000 08:01 458835                     /lib/x86_64-linux-gnu/ld-2.17.so
7fb2fdd4f000-7fb2fdd5a000 rw-p 00000000 00:00 0 
7fb2fdd5a000-7fb2fde10000 rw-p 00000000 00:00 0 
7fb2fde10000-7fb2fde13000 ---p 00000000 00:00 0 
7fb2fde13000-7fb2fdf2b000 rw-p 00000000 00:00 0                          [stack:5506]
7fb2fdf2b000-7fb2fdf33000 rw-s 00000000 08:01 286191                     /tmp/hsperfdata_leilson/5500
7fb2fdf33000-7fb2fdf34000 rw-p 00000000 00:00 0 
7fb2fdf34000-7fb2fdf35000 r--p 00000000 00:00 0 
7fb2fdf35000-7fb2fdf37000 rw-p 00000000 00:00 0 
7fb2fdf37000-7fb2fdf38000 r--p 00022000 08:01 458835                     /lib/x86_64-linux-gnu/ld-2.17.so
7fb2fdf38000-7fb2fdf3a000 rw-p 00023000 08:01 458835                     /lib/x86_64-linux-gnu/ld-2.17.so
7fffd47b1000-7fffd47d2000 rw-p 00000000 00:00 0                          [stack]
7fffd47fe000-7fffd4800000 r-xp 00000000 00:00 0                          [vdso]
ffffffffff600000-ffffffffff601000 r-xp 00000000 00:00 0                  [vsyscall]

VM Arguments:
jvm_args: -Dfile.encoding=UTF-8 -Xbootclasspath:/home/programas/android-sdk-linux/platforms/android-14/android.jar 
java_command: br.com.meindique.teste.testeLogin
Launcher Type: SUN_STANDARD

Environment Variables:
JAVA_HOME=/usr/lib/jvm/java-7-oracle
CLASSPATH=.:/usr/lib/jvm/java-7-oracle/lib/tools.jar
PATH=/usr/lib/jvm/java-7-oracle/jre/bin:/usr/lib/jvm/java-7-oracle/bin:/usr/local/sbin:/usr/local/bin:/usr/sbin:/usr/bin:/sbin:/bin:/usr/games:/usr/local/games:/java/maven/bin:/usr/lib/jvm/java-7-oracle/bin
USERNAME=leilson
SHELL=/bin/bash
DISPLAY=:0

Signal Handlers:
SIGSEGV: [libjvm.so+0x993870], sa_mask[0]=0x7ffbfeff, sa_flags=0x10000004
SIGBUS: [libjvm.so+0x993870], sa_mask[0]=0x7ffbfeff, sa_flags=0x10000004
SIGFPE: [libjvm.so+0x8105b0], sa_mask[0]=0x7ffbfeff, sa_flags=0x10000004
SIGPIPE: [libjvm.so+0x8105b0], sa_mask[0]=0x7ffbfeff, sa_flags=0x10000004
SIGXFSZ: [libjvm.so+0x8105b0], sa_mask[0]=0x7ffbfeff, sa_flags=0x10000004
SIGILL: [libjvm.so+0x8105b0], sa_mask[0]=0x7ffbfeff, sa_flags=0x10000004
SIGUSR1: SIG_DFL, sa_mask[0]=0x00000000, sa_flags=0x00000000
SIGUSR2: [libjvm.so+0x811aa0], sa_mask[0]=0x00000004, sa_flags=0x10000004
SIGHUP: SIG_DFL, sa_mask[0]=0x00000000, sa_flags=0x00000000
SIGINT: SIG_DFL, sa_mask[0]=0x00000000, sa_flags=0x00000000
SIGTERM: SIG_DFL, sa_mask[0]=0x00000000, sa_flags=0x00000000
SIGQUIT: SIG_DFL, sa_mask[0]=0x00000000, sa_flags=0x00000000


---------------  S Y S T E M  ---------------

OS:wheezy/sid

uname:Linux 3.11.0-12-generic #19-Ubuntu SMP Wed Oct 9 16:20:46 UTC 2013 x86_64
libc:glibc 2.17 NPTL 2.17 
rlimit: STACK 8192k, CORE 0k, NPROC 30643, NOFILE 4096, AS infinity
load average:0.42 0.53 0.46

/proc/meminfo:
MemTotal:        3951616 kB
MemFree:          157476 kB
Buffers:          535112 kB
Cached:           966324 kB
SwapCached:            0 kB
Active:          2356296 kB
Inactive:         964020 kB
Active(anon):    1644920 kB
Inactive(anon):   355620 kB
Active(file):     711376 kB
Inactive(file):   608400 kB
Unevictable:           0 kB
Mlocked:               0 kB
SwapTotal:       2047996 kB
SwapFree:        2047672 kB
Dirty:               172 kB
Writeback:             0 kB
AnonPages:       1819224 kB
Mapped:           216936 kB
Shmem:            181544 kB
Slab:             403604 kB
SReclaimable:     378684 kB
SUnreclaim:        24920 kB
KernelStack:        3752 kB
PageTables:        21668 kB
NFS_Unstable:          0 kB
Bounce:                0 kB
WritebackTmp:          0 kB
CommitLimit:     4023804 kB
Committed_AS:    4492548 kB
VmallocTotal:   34359738367 kB
VmallocUsed:      346804 kB
VmallocChunk:   34359388636 kB
HardwareCorrupted:     0 kB
AnonHugePages:         0 kB
HugePages_Total:       0
HugePages_Free:        0
HugePages_Rsvd:        0
HugePages_Surp:        0
Hugepagesize:       2048 kB
DirectMap4k:       57228 kB
DirectMap2M:     4040704 kB


CPU:total 4 (2 cores per cpu, 2 threads per core) family 6 model 42 stepping 7, cmov, cx8, fxsr, mmx, sse, sse2, sse3, ssse3, sse4.1, sse4.2, popcnt, avx, ht, tsc, tscinvbit

/proc/cpuinfo:
processor	: 0
vendor_id	: GenuineIntel
cpu family	: 6
model		: 42
model name	: Intel(R) Core(TM) i3-2310M CPU @ 2.10GHz
stepping	: 7
microcode	: 0x25
cpu MHz		: 2100.000
cache size	: 3072 KB
physical id	: 0
siblings	: 4
core id		: 0
cpu cores	: 2
apicid		: 0
initial apicid	: 0
fpu		: yes
fpu_exception	: yes
cpuid level	: 13
wp		: yes
flags		: fpu vme de pse tsc msr pae mce cx8 apic sep mtrr pge mca cmov pat pse36 clflush dts acpi mmx fxsr sse sse2 ss ht tm pbe syscall nx rdtscp lm constant_tsc arch_perfmon pebs bts rep_good nopl xtopology nonstop_tsc aperfmperf eagerfpu pni pclmulqdq dtes64 monitor ds_cpl vmx est tm2 ssse3 cx16 xtpr pdcm pcid sse4_1 sse4_2 x2apic popcnt tsc_deadline_timer xsave avx lahf_lm arat epb xsaveopt pln pts dtherm tpr_shadow vnmi flexpriority ept vpid
bogomips	: 4190.72
clflush size	: 64
cache_alignment	: 64
address sizes	: 36 bits physical, 48 bits virtual
power management:

processor	: 1
vendor_id	: GenuineIntel
cpu family	: 6
model		: 42
model name	: Intel(R) Core(TM) i3-2310M CPU @ 2.10GHz
stepping	: 7
microcode	: 0x25
cpu MHz		: 2100.000
cache size	: 3072 KB
physical id	: 0
siblings	: 4
core id		: 1
cpu cores	: 2
apicid		: 2
initial apicid	: 2
fpu		: yes
fpu_exception	: yes
cpuid level	: 13
wp		: yes
flags		: fpu vme de pse tsc msr pae mce cx8 apic sep mtrr pge mca cmov pat pse36 clflush dts acpi mmx fxsr sse sse2 ss ht tm pbe syscall nx rdtscp lm constant_tsc arch_perfmon pebs bts rep_good nopl xtopology nonstop_tsc aperfmperf eagerfpu pni pclmulqdq dtes64 monitor ds_cpl vmx est tm2 ssse3 cx16 xtpr pdcm pcid sse4_1 sse4_2 x2apic popcnt tsc_deadline_timer xsave avx lahf_lm arat epb xsaveopt pln pts dtherm tpr_shadow vnmi flexpriority ept vpid
bogomips	: 4190.72
clflush size	: 64
cache_alignment	: 64
address sizes	: 36 bits physical, 48 bits virtual
power management:

processor	: 2
vendor_id	: GenuineIntel
cpu family	: 6
model		: 42
model name	: Intel(R) Core(TM) i3-2310M CPU @ 2.10GHz
stepping	: 7
microcode	: 0x25
cpu MHz		: 800.000
cache size	: 3072 KB
physical id	: 0
siblings	: 4
core id		: 0
cpu cores	: 2
apicid		: 1
initial apicid	: 1
fpu		: yes
fpu_exception	: yes
cpuid level	: 13
wp		: yes
flags		: fpu vme de pse tsc msr pae mce cx8 apic sep mtrr pge mca cmov pat pse36 clflush dts acpi mmx fxsr sse sse2 ss ht tm pbe syscall nx rdtscp lm constant_tsc arch_perfmon pebs bts rep_good nopl xtopology nonstop_tsc aperfmperf eagerfpu pni pclmulqdq dtes64 monitor ds_cpl vmx est tm2 ssse3 cx16 xtpr pdcm pcid sse4_1 sse4_2 x2apic popcnt tsc_deadline_timer xsave avx lahf_lm arat epb xsaveopt pln pts dtherm tpr_shadow vnmi flexpriority ept vpid
bogomips	: 4190.72
clflush size	: 64
cache_alignment	: 64
address sizes	: 36 bits physical, 48 bits virtual
power management:

processor	: 3
vendor_id	: GenuineIntel
cpu family	: 6
model		: 42
model name	: Intel(R) Core(TM) i3-2310M CPU @ 2.10GHz
stepping	: 7
microcode	: 0x25
cpu MHz		: 2100.000
cache size	: 3072 KB
physical id	: 0
siblings	: 4
core id		: 1
cpu cores	: 2
apicid		: 3
initial apicid	: 3
fpu		: yes
fpu_exception	: yes
cpuid level	: 13
wp		: yes
flags		: fpu vme de pse tsc msr pae mce cx8 apic sep mtrr pge mca cmov pat pse36 clflush dts acpi mmx fxsr sse sse2 ss ht tm pbe syscall nx rdtscp lm constant_tsc arch_perfmon pebs bts rep_good nopl xtopology nonstop_tsc aperfmperf eagerfpu pni pclmulqdq dtes64 monitor ds_cpl vmx est tm2 ssse3 cx16 xtpr pdcm pcid sse4_1 sse4_2 x2apic popcnt tsc_deadline_timer xsave avx lahf_lm arat epb xsaveopt pln pts dtherm tpr_shadow vnmi flexpriority ept vpid
bogomips	: 4190.72
clflush size	: 64
cache_alignment	: 64
address sizes	: 36 bits physical, 48 bits virtual
power management:



Memory: 4k page, physical 3951616k(157476k free), swap 2047996k(2047672k free)

vm_info: Java HotSpot(TM) 64-Bit Server VM (24.51-b03) for linux-amd64 JRE (1.7.0_51-b13), built on Dec 18 2013 18:48:01 by "java_re" with gcc 4.3.0 20080428 (Red Hat 4.3.0-8)

time: Mon Apr 21 12:14:15 2014
elapsed time: 0 seconds

